<!DOCTYPE html PUBLIC "-//W3C//DTD XHTML 1.1//EN" "http://www.w3.org/TR/xhtml11/DTD/xhtml11.dtd">
<html xmlns="http://www.w3.org/1999/xhtml">
<head>
<meta http-equiv="content-type" content="text/html; charset=UTF-8"/>
<title>TestNG Report</title>
<style type="text/css">table {margin-bottom:10px;border-collapse:collapse;empty-cells:show}th,td {border:1px solid #009;padding:.25em .5em}th {vertical-align:bottom}td {vertical-align:top}table a {font-weight:bold}.stripe td {background-color: #E6EBF9}.num {text-align:right}.passedodd td {background-color: #3F3}.passedeven td {background-color: #0A0}.skippedodd td {background-color: #DDD}.skippedeven td {background-color: #CCC}.failedodd td,.attn {background-color: #F33}.failedeven td,.stripe .attn {background-color: #D00}.stacktrace {white-space:pre;font-family:monospace}.totop {font-size:85%;text-align:center;border-bottom:2px solid #000}.invisible {display:none}</style>
</head>
<body>
<table>
<tr><th>Test</th><th># Passed</th><th># Skipped</th><th># Failed</th><th>Time (ms)</th><th>Included Groups</th><th>Excluded Groups</th></tr>
<tr><th colspan="7">Demo Cart App Test automation regression suite</th></tr>
<tr><td><a href="#t0">Login page Test</a></td><td class="num">4</td><td class="num">0</td><td class="num">0</td><td class="num">45,205</td><td></td><td></td></tr>
<tr class="stripe"><td><a href="#t1">Accounts page Test</a></td><td class="num">10</td><td class="num">0</td><td class="num">0</td><td class="num">120,697</td><td></td><td></td></tr>
<tr><td><a href="#t2">ProductInfo page Test</a></td><td class="num">4</td><td class="num attn">3</td><td class="num attn">1</td><td class="num">144,164</td><td></td><td></td></tr>
<tr><th>Total</th><th class="num">18</th><th class="num attn">3</th><th class="num attn">1</th><th class="num">310,066</th><th colspan="2"></th></tr>
</table>
<table id='summary'><thead><tr><th>Class</th><th>Method</th><th>Start</th><th>Time (ms)</th></tr></thead><tbody><tr><th colspan="4">Demo Cart App Test automation regression suite</th></tr></tbody><tbody id="t0"><tr><th colspan="4">Login page Test &#8212; passed</th></tr><tr class="passedeven"><td rowspan="4">com.qa.opencart.test.LoginPageTest</td><td><a href="#m0">forgotPwdLinkTest</a></td><td rowspan="1">1633964139888</td><td rowspan="1">965</td></tr><tr class="passedeven"><td><a href="#m1">loginPageTest</a></td><td rowspan="1">1633964142472</td><td rowspan="1">5040</td></tr><tr class="passedeven"><td><a href="#m2">loginPageTitleTest</a></td><td rowspan="1">1633964148202</td><td rowspan="1">51</td></tr><tr class="passedeven"><td><a href="#m3">loginPageUrlTest</a></td><td rowspan="1">1633964148564</td><td rowspan="1">21</td></tr></tbody>
<tbody id="t1"><tr><th colspan="4">Accounts page Test &#8212; passed</th></tr><tr class="passedeven"><td rowspan="10">com.qa.opencart.test.AccountsPageTest</td><td><a href="#m4">accPageLogoutLinkTest</a></td><td rowspan="1">1633964143169</td><td rowspan="1">528</td></tr><tr class="passedeven"><td><a href="#m5">accPageSearchTest</a></td><td rowspan="1">1633964144218</td><td rowspan="1">199</td></tr><tr class="passedeven"><td><a href="#m6">accPageSecHeaderTest</a></td><td rowspan="1">1633964144775</td><td rowspan="1">330</td></tr><tr class="passedeven"><td><a href="#m7">accPageTitleTest</a></td><td rowspan="1">1633964145361</td><td rowspan="1">32</td></tr><tr class="passedeven"><td><a href="#m8">searchTest</a></td><td rowspan="3">1633964151445</td><td rowspan="3">5183</td></tr><tr class="passedeven"><td><a href="#m9">searchTest</a></td></tr><tr class="passedeven"><td><a href="#m10">searchTest</a></td></tr><tr class="passedeven"><td><a href="#m11">selectProductTest</a></td><td rowspan="3">1633964168710</td><td rowspan="3">21386</td></tr><tr class="passedeven"><td><a href="#m12">selectProductTest</a></td></tr><tr class="passedeven"><td><a href="#m13">selectProductTest</a></td></tr></tbody>
<tbody id="t2"><tr><th colspan="4">ProductInfo page Test &#8212; failed</th></tr><tr class="failedeven"><td rowspan="1">com.qa.opencart.test.ProductInfoTest</td><td><a href="#m14">productMetatadataTest</a></td><td rowspan="1">1633964244300</td><td rowspan="1">6071</td></tr><tr><th colspan="4">ProductInfo page Test &#8212; skipped</th></tr><tr class="skippedeven"><td rowspan="3">com.qa.opencart.test.ProductInfoTest</td><td><a href="#m15">productMetatadataTest</a></td><td rowspan="3">1633964217214</td><td rowspan="3">11964</td></tr><tr class="skippedeven"><td><a href="#m16">productMetatadataTest</a></td></tr><tr class="skippedeven"><td><a href="#m17">productMetatadataTest</a></td></tr><tr><th colspan="4">ProductInfo page Test &#8212; passed</th></tr><tr class="passedeven"><td rowspan="4">com.qa.opencart.test.ProductInfoTest</td><td><a href="#m18">productHeaderTest</a></td><td rowspan="1">1633964143275</td><td rowspan="1">13790</td></tr><tr class="passedeven"><td><a href="#m19">productImageCountTest</a></td><td rowspan="3">1633964164930</td><td rowspan="3">24797</td></tr><tr class="passedeven"><td><a href="#m20">productImageCountTest</a></td></tr><tr class="passedeven"><td><a href="#m21">productImageCountTest</a></td></tr></tbody>
</table>
<h2>Login page Test</h2><h3 id="m0">com.qa.opencart.test.LoginPageTest#forgotPwdLinkTest</h3><table class="result"><tr><th class="invisible"/></tr></table><p class="totop"><a href="#summary">back to summary</a></p>
<h3 id="m1">com.qa.opencart.test.LoginPageTest#loginPageTest</h3><table class="result"><tr><th class="invisible"/></tr></table><p class="totop"><a href="#summary">back to summary</a></p>
<h3 id="m2">com.qa.opencart.test.LoginPageTest#loginPageTitleTest</h3><table class="result"><tr><th class="invisible"/></tr></table><p class="totop"><a href="#summary">back to summary</a></p>
<h3 id="m3">com.qa.opencart.test.LoginPageTest#loginPageUrlTest</h3><table class="result"><tr><th class="invisible"/></tr></table><p class="totop"><a href="#summary">back to summary</a></p>
<h2>Accounts page Test</h2><h3 id="m4">com.qa.opencart.test.AccountsPageTest#accPageLogoutLinkTest</h3><table class="result"><tr><th class="invisible"/></tr></table><p class="totop"><a href="#summary">back to summary</a></p>
<h3 id="m5">com.qa.opencart.test.AccountsPageTest#accPageSearchTest</h3><table class="result"><tr><th class="invisible"/></tr></table><p class="totop"><a href="#summary">back to summary</a></p>
<h3 id="m6">com.qa.opencart.test.AccountsPageTest#accPageSecHeaderTest</h3><table class="result"><tr><th class="invisible"/></tr></table><p class="totop"><a href="#summary">back to summary</a></p>
<h3 id="m7">com.qa.opencart.test.AccountsPageTest#accPageTitleTest</h3><table class="result"><tr><th class="invisible"/></tr></table><p class="totop"><a href="#summary">back to summary</a></p>
<h3 id="m8">com.qa.opencart.test.AccountsPageTest#searchTest</h3><table class="result"><tr class="param"><th>Parameter #1</th></tr><tr class="param stripe"><td>iMac</td></tr></table><p class="totop"><a href="#summary">back to summary</a></p>
<h3 id="m9">com.qa.opencart.test.AccountsPageTest#searchTest</h3><table class="result"><tr class="param"><th>Parameter #1</th></tr><tr class="param stripe"><td>macbook</td></tr></table><p class="totop"><a href="#summary">back to summary</a></p>
<h3 id="m10">com.qa.opencart.test.AccountsPageTest#searchTest</h3><table class="result"><tr class="param"><th>Parameter #1</th></tr><tr class="param stripe"><td>Apple</td></tr></table><p class="totop"><a href="#summary">back to summary</a></p>
<h3 id="m11">com.qa.opencart.test.AccountsPageTest#selectProductTest</h3><table class="result"><tr class="param"><th>Parameter #1</th><th>Parameter #2</th></tr><tr class="param stripe"><td>macbook</td><td>MacBook Pro</td></tr></table><p class="totop"><a href="#summary">back to summary</a></p>
<h3 id="m12">com.qa.opencart.test.AccountsPageTest#selectProductTest</h3><table class="result"><tr class="param"><th>Parameter #1</th><th>Parameter #2</th></tr><tr class="param stripe"><td>iMac</td><td>iMac</td></tr></table><p class="totop"><a href="#summary">back to summary</a></p>
<h3 id="m13">com.qa.opencart.test.AccountsPageTest#selectProductTest</h3><table class="result"><tr class="param"><th>Parameter #1</th><th>Parameter #2</th></tr><tr class="param stripe"><td>Apple</td><td>Apple Cinema 30&quot;</td></tr></table><p class="totop"><a href="#summary">back to summary</a></p>
<h2>ProductInfo page Test</h2><h3 id="m14">com.qa.opencart.test.ProductInfoTest#productMetatadataTest</h3><table class="result"><tr><th>Exception</th></tr><tr><td><div class="stacktrace">java.lang.AssertionError: The following asserts failed:
	expected [$2,000.00] but found [null],
	expected [$2,000.00] but found [null],
	expected [$2,000.00] but found [null],
	expected [$2,000.00] but found [null]
	at org.testng.asserts.SoftAssert.assertAll(SoftAssert.java:43)
	at com.qa.opencart.test.ProductInfoTest.productMetatadataTest(ProductInfoTest.java:52)
	at java.base/jdk.internal.reflect.NativeMethodAccessorImpl.invoke0(Native Method)
	at java.base/jdk.internal.reflect.NativeMethodAccessorImpl.invoke(NativeMethodAccessorImpl.java:64)
	at java.base/jdk.internal.reflect.DelegatingMethodAccessorImpl.invoke(DelegatingMethodAccessorImpl.java:43)
	at java.base/java.lang.reflect.Method.invoke(Method.java:564)
	at org.testng.internal.MethodInvocationHelper.invokeMethod(MethodInvocationHelper.java:124)
	at org.testng.internal.Invoker.invokeMethod(Invoker.java:583)
	at org.testng.internal.Invoker.retryFailed(Invoker.java:839)
	at org.testng.internal.Invoker.invokeTestMethods(Invoker.java:1010)
	at org.testng.internal.TestMethodWorker.invokeTestMethods(TestMethodWorker.java:125)
	at org.testng.internal.TestMethodWorker.run(TestMethodWorker.java:109)
	at org.testng.TestRunner.privateRun(TestRunner.java:648)
	at org.testng.TestRunner.run(TestRunner.java:505)
	at org.testng.SuiteRunner.runTest(SuiteRunner.java:455)
	at org.testng.SuiteRunner.access$000(SuiteRunner.java:40)
	at org.testng.SuiteRunner$SuiteWorker.run(SuiteRunner.java:489)
	at org.testng.internal.thread.ThreadUtil$1.call(ThreadUtil.java:52)
	at java.base/java.util.concurrent.FutureTask.run(FutureTask.java:264)
	at java.base/java.util.concurrent.ThreadPoolExecutor.runWorker(ThreadPoolExecutor.java:1130)
	at java.base/java.util.concurrent.ThreadPoolExecutor$Worker.run(ThreadPoolExecutor.java:630)
	at java.base/java.lang.Thread.run(Thread.java:832)
</div></td></tr></table><p class="totop"><a href="#summary">back to summary</a></p>
<h3 id="m15">com.qa.opencart.test.ProductInfoTest#productMetatadataTest</h3><table class="result"><tr><th>Exception</th></tr><tr><td><div class="stacktrace">java.lang.AssertionError: The following asserts failed:
	expected [$2,000.00] but found [null]
	at org.testng.asserts.SoftAssert.assertAll(SoftAssert.java:43)
	at com.qa.opencart.test.ProductInfoTest.productMetatadataTest(ProductInfoTest.java:52)
	at java.base/jdk.internal.reflect.NativeMethodAccessorImpl.invoke0(Native Method)
	at java.base/jdk.internal.reflect.NativeMethodAccessorImpl.invoke(NativeMethodAccessorImpl.java:64)
	at java.base/jdk.internal.reflect.DelegatingMethodAccessorImpl.invoke(DelegatingMethodAccessorImpl.java:43)
	at java.base/java.lang.reflect.Method.invoke(Method.java:564)
	at org.testng.internal.MethodInvocationHelper.invokeMethod(MethodInvocationHelper.java:124)
	at org.testng.internal.Invoker.invokeMethod(Invoker.java:583)
	at org.testng.internal.Invoker.invokeTestMethod(Invoker.java:719)
	at org.testng.internal.Invoker.invokeTestMethods(Invoker.java:989)
	at org.testng.internal.TestMethodWorker.invokeTestMethods(TestMethodWorker.java:125)
	at org.testng.internal.TestMethodWorker.run(TestMethodWorker.java:109)
	at org.testng.TestRunner.privateRun(TestRunner.java:648)
	at org.testng.TestRunner.run(TestRunner.java:505)
	at org.testng.SuiteRunner.runTest(SuiteRunner.java:455)
	at org.testng.SuiteRunner.access$000(SuiteRunner.java:40)
	at org.testng.SuiteRunner$SuiteWorker.run(SuiteRunner.java:489)
	at org.testng.internal.thread.ThreadUtil$1.call(ThreadUtil.java:52)
	at java.base/java.util.concurrent.FutureTask.run(FutureTask.java:264)
	at java.base/java.util.concurrent.ThreadPoolExecutor.runWorker(ThreadPoolExecutor.java:1130)
	at java.base/java.util.concurrent.ThreadPoolExecutor$Worker.run(ThreadPoolExecutor.java:630)
	at java.base/java.lang.Thread.run(Thread.java:832)
</div></td></tr></table><p class="totop"><a href="#summary">back to summary</a></p>
<h3 id="m16">com.qa.opencart.test.ProductInfoTest#productMetatadataTest</h3><table class="result"><tr><th>Exception</th></tr><tr><td><div class="stacktrace">java.lang.AssertionError: The following asserts failed:
	expected [$2,000.00] but found [null],
	expected [$2,000.00] but found [null],
	expected [$2,000.00] but found [null]
	at org.testng.asserts.SoftAssert.assertAll(SoftAssert.java:43)
	at com.qa.opencart.test.ProductInfoTest.productMetatadataTest(ProductInfoTest.java:52)
	at java.base/jdk.internal.reflect.NativeMethodAccessorImpl.invoke0(Native Method)
	at java.base/jdk.internal.reflect.NativeMethodAccessorImpl.invoke(NativeMethodAccessorImpl.java:64)
	at java.base/jdk.internal.reflect.DelegatingMethodAccessorImpl.invoke(DelegatingMethodAccessorImpl.java:43)
	at java.base/java.lang.reflect.Method.invoke(Method.java:564)
	at org.testng.internal.MethodInvocationHelper.invokeMethod(MethodInvocationHelper.java:124)
	at org.testng.internal.Invoker.invokeMethod(Invoker.java:583)
	at org.testng.internal.Invoker.retryFailed(Invoker.java:839)
	at org.testng.internal.Invoker.invokeTestMethods(Invoker.java:1010)
	at org.testng.internal.TestMethodWorker.invokeTestMethods(TestMethodWorker.java:125)
	at org.testng.internal.TestMethodWorker.run(TestMethodWorker.java:109)
	at org.testng.TestRunner.privateRun(TestRunner.java:648)
	at org.testng.TestRunner.run(TestRunner.java:505)
	at org.testng.SuiteRunner.runTest(SuiteRunner.java:455)
	at org.testng.SuiteRunner.access$000(SuiteRunner.java:40)
	at org.testng.SuiteRunner$SuiteWorker.run(SuiteRunner.java:489)
	at org.testng.internal.thread.ThreadUtil$1.call(ThreadUtil.java:52)
	at java.base/java.util.concurrent.FutureTask.run(FutureTask.java:264)
	at java.base/java.util.concurrent.ThreadPoolExecutor.runWorker(ThreadPoolExecutor.java:1130)
	at java.base/java.util.concurrent.ThreadPoolExecutor$Worker.run(ThreadPoolExecutor.java:630)
	at java.base/java.lang.Thread.run(Thread.java:832)
</div></td></tr></table><p class="totop"><a href="#summary">back to summary</a></p>
<h3 id="m17">com.qa.opencart.test.ProductInfoTest#productMetatadataTest</h3><table class="result"><tr><th>Exception</th></tr><tr><td><div class="stacktrace">java.lang.AssertionError: The following asserts failed:
	expected [$2,000.00] but found [null],
	expected [$2,000.00] but found [null]
	at org.testng.asserts.SoftAssert.assertAll(SoftAssert.java:43)
	at com.qa.opencart.test.ProductInfoTest.productMetatadataTest(ProductInfoTest.java:52)
	at java.base/jdk.internal.reflect.NativeMethodAccessorImpl.invoke0(Native Method)
	at java.base/jdk.internal.reflect.NativeMethodAccessorImpl.invoke(NativeMethodAccessorImpl.java:64)
	at java.base/jdk.internal.reflect.DelegatingMethodAccessorImpl.invoke(DelegatingMethodAccessorImpl.java:43)
	at java.base/java.lang.reflect.Method.invoke(Method.java:564)
	at org.testng.internal.MethodInvocationHelper.invokeMethod(MethodInvocationHelper.java:124)
	at org.testng.internal.Invoker.invokeMethod(Invoker.java:583)
	at org.testng.internal.Invoker.retryFailed(Invoker.java:839)
	at org.testng.internal.Invoker.invokeTestMethods(Invoker.java:1010)
	at org.testng.internal.TestMethodWorker.invokeTestMethods(TestMethodWorker.java:125)
	at org.testng.internal.TestMethodWorker.run(TestMethodWorker.java:109)
	at org.testng.TestRunner.privateRun(TestRunner.java:648)
	at org.testng.TestRunner.run(TestRunner.java:505)
	at org.testng.SuiteRunner.runTest(SuiteRunner.java:455)
	at org.testng.SuiteRunner.access$000(SuiteRunner.java:40)
	at org.testng.SuiteRunner$SuiteWorker.run(SuiteRunner.java:489)
	at org.testng.internal.thread.ThreadUtil$1.call(ThreadUtil.java:52)
	at java.base/java.util.concurrent.FutureTask.run(FutureTask.java:264)
	at java.base/java.util.concurrent.ThreadPoolExecutor.runWorker(ThreadPoolExecutor.java:1130)
	at java.base/java.util.concurrent.ThreadPoolExecutor$Worker.run(ThreadPoolExecutor.java:630)
	at java.base/java.lang.Thread.run(Thread.java:832)
</div></td></tr></table><p class="totop"><a href="#summary">back to summary</a></p>
<h3 id="m18">com.qa.opencart.test.ProductInfoTest#productHeaderTest</h3><table class="result"><tr><th class="invisible"/></tr></table><p class="totop"><a href="#summary">back to summary</a></p>
<h3 id="m19">com.qa.opencart.test.ProductInfoTest#productImageCountTest</h3><table class="result"><tr class="param"><th>Parameter #1</th><th>Parameter #2</th><th>Parameter #3</th></tr><tr class="param stripe"><td>macbook</td><td>MacBook Pro</td><td>4</td></tr></table><p class="totop"><a href="#summary">back to summary</a></p>
<h3 id="m20">com.qa.opencart.test.ProductInfoTest#productImageCountTest</h3><table class="result"><tr class="param"><th>Parameter #1</th><th>Parameter #2</th><th>Parameter #3</th></tr><tr class="param stripe"><td>iMac</td><td>iMac</td><td>3</td></tr></table><p class="totop"><a href="#summary">back to summary</a></p>
<h3 id="m21">com.qa.opencart.test.ProductInfoTest#productImageCountTest</h3><table class="result"><tr class="param"><th>Parameter #1</th><th>Parameter #2</th><th>Parameter #3</th></tr><tr class="param stripe"><td>Apple</td><td>Apple Cinema 30&quot;</td><td>6</td></tr></table><p class="totop"><a href="#summary">back to summary</a></p>
</body>
</html>
