<!DOCTYPE html>

<html>
  <head>
  <meta charset='utf-8'>
  <title>TestNG reports</title>

    <link type="text/css" href="testng-reports.css" rel="stylesheet" />
    <script type="text/javascript" src="jquery-1.7.1.min.js"></script>
    <script type="text/javascript" src="testng-reports.js"></script>
    <script type="text/javascript" src="https://www.google.com/jsapi"></script>
    <script type='text/javascript'>
      google.load('visualization', '1', {packages:['table']});
      google.setOnLoadCallback(drawTable);
      var suiteTableInitFunctions = new Array();
      var suiteTableData = new Array();
    </script>
    <!--
      <script type="text/javascript" src="jquery-ui/js/jquery-ui-1.8.16.custom.min.js"></script>
     -->
  </head>

  <body>
    <div class="top-banner-root">
      <span class="top-banner-title-font">Test results</span>
      <br/>
      <span class="top-banner-font-1">1 suite, 1 failed test</span>
    </div> <!-- top-banner-root -->
    <div class="navigator-root">
      <div class="navigator-suite-header">
        <span>All suites</span>
        <a href="#" title="Collapse/expand all the suites" class="collapse-all-link">
          <img src="collapseall.gif" class="collapse-all-icon">
          </img> <!-- collapse-all-icon -->
        </a> <!-- collapse-all-link -->
      </div> <!-- navigator-suite-header -->
      <div class="suite">
        <div class="rounded-window">
          <div class="suite-header light-rounded-window-top">
            <a href="#" panel-name="suite-Demo_Cart_App_Test_automation_regression_suite" class="navigator-link">
              <span class="suite-name border-failed">Demo Cart App Test automation regression suite</span>
            </a> <!-- navigator-link -->
          </div> <!-- suite-header light-rounded-window-top -->
          <div class="navigator-suite-content">
            <div class="suite-section-title">
              <span>Info</span>
            </div> <!-- suite-section-title -->
            <div class="suite-section-content">
              <ul>
                <li>
                  <a href="#" panel-name="test-xml-Demo_Cart_App_Test_automation_regression_suite" class="navigator-link ">
                    <span>C:\Users\shreya\JulyPOMSeries\src\test\resources\TestRunner\testng.regression</span>
                  </a> <!-- navigator-link  -->
                </li>
                <li>
                  <a href="#" panel-name="testlist-Demo_Cart_App_Test_automation_regression_suite" class="navigator-link ">
                    <span class="test-stats">3 tests</span>
                  </a> <!-- navigator-link  -->
                </li>
                <li>
                  <a href="#" panel-name="group-Demo_Cart_App_Test_automation_regression_suite" class="navigator-link ">
                    <span>0 groups</span>
                  </a> <!-- navigator-link  -->
                </li>
                <li>
                  <a href="#" panel-name="times-Demo_Cart_App_Test_automation_regression_suite" class="navigator-link ">
                    <span>Times</span>
                  </a> <!-- navigator-link  -->
                </li>
                <li>
                  <a href="#" panel-name="reporter-Demo_Cart_App_Test_automation_regression_suite" class="navigator-link ">
                    <span>Reporter output</span>
                  </a> <!-- navigator-link  -->
                </li>
                <li>
                  <a href="#" panel-name="ignored-methods-Demo_Cart_App_Test_automation_regression_suite" class="navigator-link ">
                    <span>Ignored methods</span>
                  </a> <!-- navigator-link  -->
                </li>
                <li>
                  <a href="#" panel-name="chronological-Demo_Cart_App_Test_automation_regression_suite" class="navigator-link ">
                    <span>Chronological view</span>
                  </a> <!-- navigator-link  -->
                </li>
              </ul>
            </div> <!-- suite-section-content -->
            <div class="result-section">
              <div class="suite-section-title">
                <span>Results</span>
              </div> <!-- suite-section-title -->
              <div class="suite-section-content">
                <ul>
                  <li>
                    <span class="method-stats">22 methods, 1 failed,  3 skipped,  18 passed</span>
                  </li>
                  <li>
                    <span class="method-list-title failed">Failed methods</span>
                    <span class="show-or-hide-methods failed">
                      <a href="#" panel-name="suite-Demo_Cart_App_Test_automation_regression_suite" class="hide-methods failed suite-Demo_Cart_App_Test_automation_regression_suite"> (hide)</a> <!-- hide-methods failed suite-Demo_Cart_App_Test_automation_regression_suite -->
                      <a href="#" panel-name="suite-Demo_Cart_App_Test_automation_regression_suite" class="show-methods failed suite-Demo_Cart_App_Test_automation_regression_suite"> (show)</a> <!-- show-methods failed suite-Demo_Cart_App_Test_automation_regression_suite -->
                    </span>
                    <div class="method-list-content failed suite-Demo_Cart_App_Test_automation_regression_suite">
                      <span>
                        <img src="failed.png" width="3%"/>
                        <a href="#" panel-name="suite-Demo_Cart_App_Test_automation_regression_suite" title="com.qa.opencart.test.ProductInfoTest" class="method navigator-link" hash-for-method="productMetatadataTest">productMetatadataTest</a> <!-- method navigator-link -->
                      </span>
                      <br/>
                    </div> <!-- method-list-content failed suite-Demo_Cart_App_Test_automation_regression_suite -->
                  </li>
                  <li>
                    <span class="method-list-title skipped">Skipped methods</span>
                    <span class="show-or-hide-methods skipped">
                      <a href="#" panel-name="suite-Demo_Cart_App_Test_automation_regression_suite" class="hide-methods skipped suite-Demo_Cart_App_Test_automation_regression_suite"> (hide)</a> <!-- hide-methods skipped suite-Demo_Cart_App_Test_automation_regression_suite -->
                      <a href="#" panel-name="suite-Demo_Cart_App_Test_automation_regression_suite" class="show-methods skipped suite-Demo_Cart_App_Test_automation_regression_suite"> (show)</a> <!-- show-methods skipped suite-Demo_Cart_App_Test_automation_regression_suite -->
                    </span>
                    <div class="method-list-content skipped suite-Demo_Cart_App_Test_automation_regression_suite">
                      <span>
                        <img src="skipped.png" width="3%"/>
                        <a href="#" panel-name="suite-Demo_Cart_App_Test_automation_regression_suite" title="com.qa.opencart.test.ProductInfoTest" class="method navigator-link" hash-for-method="productMetatadataTest">productMetatadataTest</a> <!-- method navigator-link -->
                      </span>
                      <br/>
                      <span>
                        <img src="skipped.png" width="3%"/>
                        <a href="#" panel-name="suite-Demo_Cart_App_Test_automation_regression_suite" title="com.qa.opencart.test.ProductInfoTest" class="method navigator-link" hash-for-method="productMetatadataTest">productMetatadataTest</a> <!-- method navigator-link -->
                      </span>
                      <br/>
                      <span>
                        <img src="skipped.png" width="3%"/>
                        <a href="#" panel-name="suite-Demo_Cart_App_Test_automation_regression_suite" title="com.qa.opencart.test.ProductInfoTest" class="method navigator-link" hash-for-method="productMetatadataTest">productMetatadataTest</a> <!-- method navigator-link -->
                      </span>
                      <br/>
                    </div> <!-- method-list-content skipped suite-Demo_Cart_App_Test_automation_regression_suite -->
                  </li>
                  <li>
                    <span class="method-list-title passed">Passed methods</span>
                    <span class="show-or-hide-methods passed">
                      <a href="#" panel-name="suite-Demo_Cart_App_Test_automation_regression_suite" class="hide-methods passed suite-Demo_Cart_App_Test_automation_regression_suite"> (hide)</a> <!-- hide-methods passed suite-Demo_Cart_App_Test_automation_regression_suite -->
                      <a href="#" panel-name="suite-Demo_Cart_App_Test_automation_regression_suite" class="show-methods passed suite-Demo_Cart_App_Test_automation_regression_suite"> (show)</a> <!-- show-methods passed suite-Demo_Cart_App_Test_automation_regression_suite -->
                    </span>
                    <div class="method-list-content passed suite-Demo_Cart_App_Test_automation_regression_suite">
                      <span>
                        <img src="passed.png" width="3%"/>
                        <a href="#" panel-name="suite-Demo_Cart_App_Test_automation_regression_suite" title="com.qa.opencart.test.AccountsPageTest" class="method navigator-link" hash-for-method="accPageLogoutLinkTest">accPageLogoutLinkTest</a> <!-- method navigator-link -->
                      </span>
                      <br/>
                      <span>
                        <img src="passed.png" width="3%"/>
                        <a href="#" panel-name="suite-Demo_Cart_App_Test_automation_regression_suite" title="com.qa.opencart.test.AccountsPageTest" class="method navigator-link" hash-for-method="accPageSearchTest">accPageSearchTest</a> <!-- method navigator-link -->
                      </span>
                      <br/>
                      <span>
                        <img src="passed.png" width="3%"/>
                        <a href="#" panel-name="suite-Demo_Cart_App_Test_automation_regression_suite" title="com.qa.opencart.test.AccountsPageTest" class="method navigator-link" hash-for-method="accPageSecHeaderTest">accPageSecHeaderTest</a> <!-- method navigator-link -->
                      </span>
                      <br/>
                      <span>
                        <img src="passed.png" width="3%"/>
                        <a href="#" panel-name="suite-Demo_Cart_App_Test_automation_regression_suite" title="com.qa.opencart.test.AccountsPageTest" class="method navigator-link" hash-for-method="accPageTitleTest">accPageTitleTest</a> <!-- method navigator-link -->
                      </span>
                      <br/>
                      <span>
                        <img src="passed.png" width="3%"/>
                        <a href="#" panel-name="suite-Demo_Cart_App_Test_automation_regression_suite" title="com.qa.opencart.test.LoginPageTest" class="method navigator-link" hash-for-method="forgotPwdLinkTest">forgotPwdLinkTest</a> <!-- method navigator-link -->
                      </span>
                      <br/>
                      <span>
                        <img src="passed.png" width="3%"/>
                        <a href="#" panel-name="suite-Demo_Cart_App_Test_automation_regression_suite" title="com.qa.opencart.test.LoginPageTest" class="method navigator-link" hash-for-method="loginPageTest">loginPageTest</a> <!-- method navigator-link -->
                      </span>
                      <br/>
                      <span>
                        <img src="passed.png" width="3%"/>
                        <a href="#" panel-name="suite-Demo_Cart_App_Test_automation_regression_suite" title="com.qa.opencart.test.LoginPageTest" class="method navigator-link" hash-for-method="loginPageTitleTest">loginPageTitleTest</a> <!-- method navigator-link -->
                      </span>
                      <br/>
                      <span>
                        <img src="passed.png" width="3%"/>
                        <a href="#" panel-name="suite-Demo_Cart_App_Test_automation_regression_suite" title="com.qa.opencart.test.LoginPageTest" class="method navigator-link" hash-for-method="loginPageUrlTest">loginPageUrlTest</a> <!-- method navigator-link -->
                      </span>
                      <br/>
                      <span>
                        <img src="passed.png" width="3%"/>
                        <a href="#" panel-name="suite-Demo_Cart_App_Test_automation_regression_suite" title="com.qa.opencart.test.ProductInfoTest" class="method navigator-link" hash-for-method="productHeaderTest">productHeaderTest</a> <!-- method navigator-link -->
                      </span>
                      <br/>
                      <span>
                        <img src="passed.png" width="3%"/>
                        <a href="#" panel-name="suite-Demo_Cart_App_Test_automation_regression_suite" title="com.qa.opencart.test.ProductInfoTest" class="method navigator-link" hash-for-method="productImageCountTest(macbook, MacBook Pro, 4)">productImageCountTest(macbook, MacBook Pro, 4)</a> <!-- method navigator-link -->
                      </span>
                      <br/>
                      <span>
                        <img src="passed.png" width="3%"/>
                        <a href="#" panel-name="suite-Demo_Cart_App_Test_automation_regression_suite" title="com.qa.opencart.test.ProductInfoTest" class="method navigator-link" hash-for-method="productImageCountTest(iMac, iMac, 3)">productImageCountTest(iMac, iMac, 3)</a> <!-- method navigator-link -->
                      </span>
                      <br/>
                      <span>
                        <img src="passed.png" width="3%"/>
                        <a href="#" panel-name="suite-Demo_Cart_App_Test_automation_regression_suite" title="com.qa.opencart.test.ProductInfoTest" class="method navigator-link" hash-for-method="productImageCountTest(Apple, Apple Cinema 30&quot;, 6)">productImageCountTest(Apple, Apple Cinema 30", 6)</a> <!-- method navigator-link -->
                      </span>
                      <br/>
                      <span>
                        <img src="passed.png" width="3%"/>
                        <a href="#" panel-name="suite-Demo_Cart_App_Test_automation_regression_suite" title="com.qa.opencart.test.AccountsPageTest" class="method navigator-link" hash-for-method="searchTest(iMac)">searchTest(iMac)</a> <!-- method navigator-link -->
                      </span>
                      <br/>
                      <span>
                        <img src="passed.png" width="3%"/>
                        <a href="#" panel-name="suite-Demo_Cart_App_Test_automation_regression_suite" title="com.qa.opencart.test.AccountsPageTest" class="method navigator-link" hash-for-method="searchTest(macbook)">searchTest(macbook)</a> <!-- method navigator-link -->
                      </span>
                      <br/>
                      <span>
                        <img src="passed.png" width="3%"/>
                        <a href="#" panel-name="suite-Demo_Cart_App_Test_automation_regression_suite" title="com.qa.opencart.test.AccountsPageTest" class="method navigator-link" hash-for-method="searchTest(Apple)">searchTest(Apple)</a> <!-- method navigator-link -->
                      </span>
                      <br/>
                      <span>
                        <img src="passed.png" width="3%"/>
                        <a href="#" panel-name="suite-Demo_Cart_App_Test_automation_regression_suite" title="com.qa.opencart.test.AccountsPageTest" class="method navigator-link" hash-for-method="selectProductTest(macbook, MacBook Pro)">selectProductTest(macbook, MacBook Pro)</a> <!-- method navigator-link -->
                      </span>
                      <br/>
                      <span>
                        <img src="passed.png" width="3%"/>
                        <a href="#" panel-name="suite-Demo_Cart_App_Test_automation_regression_suite" title="com.qa.opencart.test.AccountsPageTest" class="method navigator-link" hash-for-method="selectProductTest(iMac, iMac)">selectProductTest(iMac, iMac)</a> <!-- method navigator-link -->
                      </span>
                      <br/>
                      <span>
                        <img src="passed.png" width="3%"/>
                        <a href="#" panel-name="suite-Demo_Cart_App_Test_automation_regression_suite" title="com.qa.opencart.test.AccountsPageTest" class="method navigator-link" hash-for-method="selectProductTest(Apple, Apple Cinema 30&quot;)">selectProductTest(Apple, Apple Cinema 30")</a> <!-- method navigator-link -->
                      </span>
                      <br/>
                    </div> <!-- method-list-content passed suite-Demo_Cart_App_Test_automation_regression_suite -->
                  </li>
                </ul>
              </div> <!-- suite-section-content -->
            </div> <!-- result-section -->
          </div> <!-- navigator-suite-content -->
        </div> <!-- rounded-window -->
      </div> <!-- suite -->
    </div> <!-- navigator-root -->
    <div class="wrapper">
      <div class="main-panel-root">
        <div panel-name="suite-Demo_Cart_App_Test_automation_regression_suite" class="panel Demo_Cart_App_Test_automation_regression_suite">
          <div class="suite-Demo_Cart_App_Test_automation_regression_suite-class-failed">
            <div class="main-panel-header rounded-window-top">
              <img src="failed.png"/>
              <span class="class-name">com.qa.opencart.test.ProductInfoTest</span>
            </div> <!-- main-panel-header rounded-window-top -->
            <div class="main-panel-content rounded-window-bottom">
              <div class="method">
                <div class="method-content">
                  <a name="productMetatadataTest">
                  </a> <!-- productMetatadataTest -->
                  <span class="method-name">productMetatadataTest</span>
                  <div class="stack-trace">java.lang.AssertionError: The following asserts failed:
	expected [$2,000.00] but found [null],
	expected [$2,000.00] but found [null],
	expected [$2,000.00] but found [null],
	expected [$2,000.00] but found [null]
	at org.testng.asserts.SoftAssert.assertAll(SoftAssert.java:43)
	at com.qa.opencart.test.ProductInfoTest.productMetatadataTest(ProductInfoTest.java:52)
	at java.base/jdk.internal.reflect.NativeMethodAccessorImpl.invoke0(Native Method)
	at java.base/jdk.internal.reflect.NativeMethodAccessorImpl.invoke(NativeMethodAccessorImpl.java:64)
	at java.base/jdk.internal.reflect.DelegatingMethodAccessorImpl.invoke(DelegatingMethodAccessorImpl.java:43)
	at java.base/java.lang.reflect.Method.invoke(Method.java:564)
	at org.testng.internal.MethodInvocationHelper.invokeMethod(MethodInvocationHelper.java:124)
	at org.testng.internal.Invoker.invokeMethod(Invoker.java:583)
	at org.testng.internal.Invoker.retryFailed(Invoker.java:839)
	at org.testng.internal.Invoker.invokeTestMethods(Invoker.java:1010)
	at org.testng.internal.TestMethodWorker.invokeTestMethods(TestMethodWorker.java:125)
	at org.testng.internal.TestMethodWorker.run(TestMethodWorker.java:109)
	at org.testng.TestRunner.privateRun(TestRunner.java:648)
	at org.testng.TestRunner.run(TestRunner.java:505)
	at org.testng.SuiteRunner.runTest(SuiteRunner.java:455)
	at org.testng.SuiteRunner.access$000(SuiteRunner.java:40)
	at org.testng.SuiteRunner$SuiteWorker.run(SuiteRunner.java:489)
	at org.testng.internal.thread.ThreadUtil$1.call(ThreadUtil.java:52)
	at java.base/java.util.concurrent.FutureTask.run(FutureTask.java:264)
	at java.base/java.util.concurrent.ThreadPoolExecutor.runWorker(ThreadPoolExecutor.java:1130)
	at java.base/java.util.concurrent.ThreadPoolExecutor$Worker.run(ThreadPoolExecutor.java:630)
	at java.base/java.lang.Thread.run(Thread.java:832)

</div> <!-- stack-trace -->
                </div> <!-- method-content -->
              </div> <!-- method -->
            </div> <!-- main-panel-content rounded-window-bottom -->
          </div> <!-- suite-Demo_Cart_App_Test_automation_regression_suite-class-failed -->
          <div class="suite-Demo_Cart_App_Test_automation_regression_suite-class-skipped">
            <div class="main-panel-header rounded-window-top">
              <img src="skipped.png"/>
              <span class="class-name">com.qa.opencart.test.ProductInfoTest</span>
            </div> <!-- main-panel-header rounded-window-top -->
            <div class="main-panel-content rounded-window-bottom">
              <div class="method">
                <div class="method-content">
                  <a name="productMetatadataTest">
                  </a> <!-- productMetatadataTest -->
                  <span class="method-name">productMetatadataTest</span>
                  <div class="stack-trace">java.lang.AssertionError: The following asserts failed:
	expected [$2,000.00] but found [null]
	at org.testng.asserts.SoftAssert.assertAll(SoftAssert.java:43)
	at com.qa.opencart.test.ProductInfoTest.productMetatadataTest(ProductInfoTest.java:52)
	at java.base/jdk.internal.reflect.NativeMethodAccessorImpl.invoke0(Native Method)
	at java.base/jdk.internal.reflect.NativeMethodAccessorImpl.invoke(NativeMethodAccessorImpl.java:64)
	at java.base/jdk.internal.reflect.DelegatingMethodAccessorImpl.invoke(DelegatingMethodAccessorImpl.java:43)
	at java.base/java.lang.reflect.Method.invoke(Method.java:564)
	at org.testng.internal.MethodInvocationHelper.invokeMethod(MethodInvocationHelper.java:124)
	at org.testng.internal.Invoker.invokeMethod(Invoker.java:583)
	at org.testng.internal.Invoker.invokeTestMethod(Invoker.java:719)
	at org.testng.internal.Invoker.invokeTestMethods(Invoker.java:989)
	at org.testng.internal.TestMethodWorker.invokeTestMethods(TestMethodWorker.java:125)
	at org.testng.internal.TestMethodWorker.run(TestMethodWorker.java:109)
	at org.testng.TestRunner.privateRun(TestRunner.java:648)
	at org.testng.TestRunner.run(TestRunner.java:505)
	at org.testng.SuiteRunner.runTest(SuiteRunner.java:455)
	at org.testng.SuiteRunner.access$000(SuiteRunner.java:40)
	at org.testng.SuiteRunner$SuiteWorker.run(SuiteRunner.java:489)
	at org.testng.internal.thread.ThreadUtil$1.call(ThreadUtil.java:52)
	at java.base/java.util.concurrent.FutureTask.run(FutureTask.java:264)
	at java.base/java.util.concurrent.ThreadPoolExecutor.runWorker(ThreadPoolExecutor.java:1130)
	at java.base/java.util.concurrent.ThreadPoolExecutor$Worker.run(ThreadPoolExecutor.java:630)
	at java.base/java.lang.Thread.run(Thread.java:832)

</div> <!-- stack-trace -->
                </div> <!-- method-content -->
              </div> <!-- method -->
              <div class="method">
                <div class="method-content">
                  <a name="productMetatadataTest">
                  </a> <!-- productMetatadataTest -->
                  <span class="method-name">productMetatadataTest</span>
                  <div class="stack-trace">java.lang.AssertionError: The following asserts failed:
	expected [$2,000.00] but found [null],
	expected [$2,000.00] but found [null],
	expected [$2,000.00] but found [null]
	at org.testng.asserts.SoftAssert.assertAll(SoftAssert.java:43)
	at com.qa.opencart.test.ProductInfoTest.productMetatadataTest(ProductInfoTest.java:52)
	at java.base/jdk.internal.reflect.NativeMethodAccessorImpl.invoke0(Native Method)
	at java.base/jdk.internal.reflect.NativeMethodAccessorImpl.invoke(NativeMethodAccessorImpl.java:64)
	at java.base/jdk.internal.reflect.DelegatingMethodAccessorImpl.invoke(DelegatingMethodAccessorImpl.java:43)
	at java.base/java.lang.reflect.Method.invoke(Method.java:564)
	at org.testng.internal.MethodInvocationHelper.invokeMethod(MethodInvocationHelper.java:124)
	at org.testng.internal.Invoker.invokeMethod(Invoker.java:583)
	at org.testng.internal.Invoker.retryFailed(Invoker.java:839)
	at org.testng.internal.Invoker.invokeTestMethods(Invoker.java:1010)
	at org.testng.internal.TestMethodWorker.invokeTestMethods(TestMethodWorker.java:125)
	at org.testng.internal.TestMethodWorker.run(TestMethodWorker.java:109)
	at org.testng.TestRunner.privateRun(TestRunner.java:648)
	at org.testng.TestRunner.run(TestRunner.java:505)
	at org.testng.SuiteRunner.runTest(SuiteRunner.java:455)
	at org.testng.SuiteRunner.access$000(SuiteRunner.java:40)
	at org.testng.SuiteRunner$SuiteWorker.run(SuiteRunner.java:489)
	at org.testng.internal.thread.ThreadUtil$1.call(ThreadUtil.java:52)
	at java.base/java.util.concurrent.FutureTask.run(FutureTask.java:264)
	at java.base/java.util.concurrent.ThreadPoolExecutor.runWorker(ThreadPoolExecutor.java:1130)
	at java.base/java.util.concurrent.ThreadPoolExecutor$Worker.run(ThreadPoolExecutor.java:630)
	at java.base/java.lang.Thread.run(Thread.java:832)

</div> <!-- stack-trace -->
                </div> <!-- method-content -->
              </div> <!-- method -->
              <div class="method">
                <div class="method-content">
                  <a name="productMetatadataTest">
                  </a> <!-- productMetatadataTest -->
                  <span class="method-name">productMetatadataTest</span>
                  <div class="stack-trace">java.lang.AssertionError: The following asserts failed:
	expected [$2,000.00] but found [null],
	expected [$2,000.00] but found [null]
	at org.testng.asserts.SoftAssert.assertAll(SoftAssert.java:43)
	at com.qa.opencart.test.ProductInfoTest.productMetatadataTest(ProductInfoTest.java:52)
	at java.base/jdk.internal.reflect.NativeMethodAccessorImpl.invoke0(Native Method)
	at java.base/jdk.internal.reflect.NativeMethodAccessorImpl.invoke(NativeMethodAccessorImpl.java:64)
	at java.base/jdk.internal.reflect.DelegatingMethodAccessorImpl.invoke(DelegatingMethodAccessorImpl.java:43)
	at java.base/java.lang.reflect.Method.invoke(Method.java:564)
	at org.testng.internal.MethodInvocationHelper.invokeMethod(MethodInvocationHelper.java:124)
	at org.testng.internal.Invoker.invokeMethod(Invoker.java:583)
	at org.testng.internal.Invoker.retryFailed(Invoker.java:839)
	at org.testng.internal.Invoker.invokeTestMethods(Invoker.java:1010)
	at org.testng.internal.TestMethodWorker.invokeTestMethods(TestMethodWorker.java:125)
	at org.testng.internal.TestMethodWorker.run(TestMethodWorker.java:109)
	at org.testng.TestRunner.privateRun(TestRunner.java:648)
	at org.testng.TestRunner.run(TestRunner.java:505)
	at org.testng.SuiteRunner.runTest(SuiteRunner.java:455)
	at org.testng.SuiteRunner.access$000(SuiteRunner.java:40)
	at org.testng.SuiteRunner$SuiteWorker.run(SuiteRunner.java:489)
	at org.testng.internal.thread.ThreadUtil$1.call(ThreadUtil.java:52)
	at java.base/java.util.concurrent.FutureTask.run(FutureTask.java:264)
	at java.base/java.util.concurrent.ThreadPoolExecutor.runWorker(ThreadPoolExecutor.java:1130)
	at java.base/java.util.concurrent.ThreadPoolExecutor$Worker.run(ThreadPoolExecutor.java:630)
	at java.base/java.lang.Thread.run(Thread.java:832)

</div> <!-- stack-trace -->
                </div> <!-- method-content -->
              </div> <!-- method -->
            </div> <!-- main-panel-content rounded-window-bottom -->
          </div> <!-- suite-Demo_Cart_App_Test_automation_regression_suite-class-skipped -->
          <div class="suite-Demo_Cart_App_Test_automation_regression_suite-class-passed">
            <div class="main-panel-header rounded-window-top">
              <img src="passed.png"/>
              <span class="class-name">com.qa.opencart.test.ProductInfoTest</span>
            </div> <!-- main-panel-header rounded-window-top -->
            <div class="main-panel-content rounded-window-bottom">
              <div class="method">
                <div class="method-content">
                  <a name="productHeaderTest">
                  </a> <!-- productHeaderTest -->
                  <span class="method-name">productHeaderTest</span>
                </div> <!-- method-content -->
              </div> <!-- method -->
              <div class="method">
                <div class="method-content">
                  <a name="productImageCountTest(macbook, MacBook Pro, 4)">
                  </a> <!-- productImageCountTest(macbook, MacBook Pro, 4) -->
                  <span class="method-name">productImageCountTest</span>
                  <span class="parameters">(macbook, MacBook Pro, 4)</span>
                </div> <!-- method-content -->
              </div> <!-- method -->
              <div class="method">
                <div class="method-content">
                  <a name="productImageCountTest(iMac, iMac, 3)">
                  </a> <!-- productImageCountTest(iMac, iMac, 3) -->
                  <span class="method-name">productImageCountTest</span>
                  <span class="parameters">(iMac, iMac, 3)</span>
                </div> <!-- method-content -->
              </div> <!-- method -->
              <div class="method">
                <div class="method-content">
                  <a name="productImageCountTest(Apple, Apple Cinema 30&quot;, 6)">
                  </a> <!-- productImageCountTest(Apple, Apple Cinema 30", 6) -->
                  <span class="method-name">productImageCountTest</span>
                  <span class="parameters">(Apple, Apple Cinema 30", 6)</span>
                </div> <!-- method-content -->
              </div> <!-- method -->
            </div> <!-- main-panel-content rounded-window-bottom -->
          </div> <!-- suite-Demo_Cart_App_Test_automation_regression_suite-class-passed -->
          <div class="suite-Demo_Cart_App_Test_automation_regression_suite-class-passed">
            <div class="main-panel-header rounded-window-top">
              <img src="passed.png"/>
              <span class="class-name">com.qa.opencart.test.LoginPageTest</span>
            </div> <!-- main-panel-header rounded-window-top -->
            <div class="main-panel-content rounded-window-bottom">
              <div class="method">
                <div class="method-content">
                  <a name="forgotPwdLinkTest">
                  </a> <!-- forgotPwdLinkTest -->
                  <span class="method-name">forgotPwdLinkTest</span>
                </div> <!-- method-content -->
              </div> <!-- method -->
              <div class="method">
                <div class="method-content">
                  <a name="loginPageTest">
                  </a> <!-- loginPageTest -->
                  <span class="method-name">loginPageTest</span>
                </div> <!-- method-content -->
              </div> <!-- method -->
              <div class="method">
                <div class="method-content">
                  <a name="loginPageTitleTest">
                  </a> <!-- loginPageTitleTest -->
                  <span class="method-name">loginPageTitleTest</span>
                </div> <!-- method-content -->
              </div> <!-- method -->
              <div class="method">
                <div class="method-content">
                  <a name="loginPageUrlTest">
                  </a> <!-- loginPageUrlTest -->
                  <span class="method-name">loginPageUrlTest</span>
                </div> <!-- method-content -->
              </div> <!-- method -->
            </div> <!-- main-panel-content rounded-window-bottom -->
          </div> <!-- suite-Demo_Cart_App_Test_automation_regression_suite-class-passed -->
          <div class="suite-Demo_Cart_App_Test_automation_regression_suite-class-passed">
            <div class="main-panel-header rounded-window-top">
              <img src="passed.png"/>
              <span class="class-name">com.qa.opencart.test.AccountsPageTest</span>
            </div> <!-- main-panel-header rounded-window-top -->
            <div class="main-panel-content rounded-window-bottom">
              <div class="method">
                <div class="method-content">
                  <a name="accPageLogoutLinkTest">
                  </a> <!-- accPageLogoutLinkTest -->
                  <span class="method-name">accPageLogoutLinkTest</span>
                </div> <!-- method-content -->
              </div> <!-- method -->
              <div class="method">
                <div class="method-content">
                  <a name="accPageSearchTest">
                  </a> <!-- accPageSearchTest -->
                  <span class="method-name">accPageSearchTest</span>
                </div> <!-- method-content -->
              </div> <!-- method -->
              <div class="method">
                <div class="method-content">
                  <a name="accPageSecHeaderTest">
                  </a> <!-- accPageSecHeaderTest -->
                  <span class="method-name">accPageSecHeaderTest</span>
                </div> <!-- method-content -->
              </div> <!-- method -->
              <div class="method">
                <div class="method-content">
                  <a name="accPageTitleTest">
                  </a> <!-- accPageTitleTest -->
                  <span class="method-name">accPageTitleTest</span>
                </div> <!-- method-content -->
              </div> <!-- method -->
              <div class="method">
                <div class="method-content">
                  <a name="searchTest(iMac)">
                  </a> <!-- searchTest(iMac) -->
                  <span class="method-name">searchTest</span>
                  <span class="parameters">(iMac)</span>
                </div> <!-- method-content -->
              </div> <!-- method -->
              <div class="method">
                <div class="method-content">
                  <a name="searchTest(macbook)">
                  </a> <!-- searchTest(macbook) -->
                  <span class="method-name">searchTest</span>
                  <span class="parameters">(macbook)</span>
                </div> <!-- method-content -->
              </div> <!-- method -->
              <div class="method">
                <div class="method-content">
                  <a name="searchTest(Apple)">
                  </a> <!-- searchTest(Apple) -->
                  <span class="method-name">searchTest</span>
                  <span class="parameters">(Apple)</span>
                </div> <!-- method-content -->
              </div> <!-- method -->
              <div class="method">
                <div class="method-content">
                  <a name="selectProductTest(macbook, MacBook Pro)">
                  </a> <!-- selectProductTest(macbook, MacBook Pro) -->
                  <span class="method-name">selectProductTest</span>
                  <span class="parameters">(macbook, MacBook Pro)</span>
                </div> <!-- method-content -->
              </div> <!-- method -->
              <div class="method">
                <div class="method-content">
                  <a name="selectProductTest(iMac, iMac)">
                  </a> <!-- selectProductTest(iMac, iMac) -->
                  <span class="method-name">selectProductTest</span>
                  <span class="parameters">(iMac, iMac)</span>
                </div> <!-- method-content -->
              </div> <!-- method -->
              <div class="method">
                <div class="method-content">
                  <a name="selectProductTest(Apple, Apple Cinema 30&quot;)">
                  </a> <!-- selectProductTest(Apple, Apple Cinema 30") -->
                  <span class="method-name">selectProductTest</span>
                  <span class="parameters">(Apple, Apple Cinema 30")</span>
                </div> <!-- method-content -->
              </div> <!-- method -->
            </div> <!-- main-panel-content rounded-window-bottom -->
          </div> <!-- suite-Demo_Cart_App_Test_automation_regression_suite-class-passed -->
        </div> <!-- panel Demo_Cart_App_Test_automation_regression_suite -->
        <div panel-name="test-xml-Demo_Cart_App_Test_automation_regression_suite" class="panel">
          <div class="main-panel-header rounded-window-top">
            <span class="header-content">C:\Users\shreya\JulyPOMSeries\src\test\resources\TestRunner\testng.regression</span>
          </div> <!-- main-panel-header rounded-window-top -->
          <div class="main-panel-content rounded-window-bottom">
            <pre>
&lt;?xml version=&quot;1.0&quot; encoding=&quot;UTF-8&quot;?&gt;
&lt;!DOCTYPE suite SYSTEM &quot;http://testng.org/testng-1.0.dtd&quot;&gt;
&lt;suite thread-count=&quot;3&quot; parallel=&quot;tests&quot; name=&quot;Demo Cart App Test automation regression suite&quot; guice-stage=&quot;DEVELOPMENT&quot; verbose=&quot;3&quot;&gt;
  &lt;listeners&gt;
    &lt;listener class-name=&quot;pom.qa.opencart.listeners.ExtentReportListner&quot;/&gt;
    &lt;listener class-name=&quot;pom.qa.opencart.listeners.Annotationtransformer&quot;/&gt;
  &lt;/listeners&gt;
  &lt;test thread-count=&quot;3&quot; parallel=&quot;tests&quot; name=&quot;Login page Test&quot; verbose=&quot;3&quot;&gt;
    &lt;classes&gt;
      &lt;class name=&quot;com.qa.opencart.test.LoginPageTest&quot;/&gt;
    &lt;/classes&gt;
  &lt;/test&gt; &lt;!-- Login page Test --&gt;
  &lt;test thread-count=&quot;3&quot; parallel=&quot;tests&quot; name=&quot;Accounts page Test&quot; verbose=&quot;3&quot;&gt;
    &lt;classes&gt;
      &lt;class name=&quot;com.qa.opencart.test.AccountsPageTest&quot;/&gt;
    &lt;/classes&gt;
  &lt;/test&gt; &lt;!-- Accounts page Test --&gt;
  &lt;test thread-count=&quot;3&quot; parallel=&quot;tests&quot; name=&quot;ProductInfo page Test&quot; verbose=&quot;3&quot;&gt;
    &lt;classes&gt;
      &lt;class name=&quot;com.qa.opencart.test.ProductInfoTest&quot;/&gt;
    &lt;/classes&gt;
  &lt;/test&gt; &lt;!-- ProductInfo page Test --&gt;
&lt;/suite&gt; &lt;!-- Demo Cart App Test automation regression suite --&gt;
            </pre>
          </div> <!-- main-panel-content rounded-window-bottom -->
        </div> <!-- panel -->
        <div panel-name="testlist-Demo_Cart_App_Test_automation_regression_suite" class="panel">
          <div class="main-panel-header rounded-window-top">
            <span class="header-content">Tests for Demo Cart App Test automation regression suite</span>
          </div> <!-- main-panel-header rounded-window-top -->
          <div class="main-panel-content rounded-window-bottom">
            <ul>
              <li>
                <span class="test-name">Login page Test (1 class)</span>
              </li>
              <li>
                <span class="test-name">Accounts page Test (1 class)</span>
              </li>
              <li>
                <span class="test-name">ProductInfo page Test (1 class)</span>
              </li>
            </ul>
          </div> <!-- main-panel-content rounded-window-bottom -->
        </div> <!-- panel -->
        <div panel-name="group-Demo_Cart_App_Test_automation_regression_suite" class="panel">
          <div class="main-panel-header rounded-window-top">
            <span class="header-content">Groups for Demo Cart App Test automation regression suite</span>
          </div> <!-- main-panel-header rounded-window-top -->
          <div class="main-panel-content rounded-window-bottom">
          </div> <!-- main-panel-content rounded-window-bottom -->
        </div> <!-- panel -->
        <div panel-name="times-Demo_Cart_App_Test_automation_regression_suite" class="panel">
          <div class="main-panel-header rounded-window-top">
            <span class="header-content">Times for Demo Cart App Test automation regression suite</span>
          </div> <!-- main-panel-header rounded-window-top -->
          <div class="main-panel-content rounded-window-bottom">
            <div class="times-div">
              <script type="text/javascript">
suiteTableInitFunctions.push('tableData_Demo_Cart_App_Test_automation_regression_suite');
function tableData_Demo_Cart_App_Test_automation_regression_suite() {
var data = new google.visualization.DataTable();
data.addColumn('number', 'Number');
data.addColumn('string', 'Method');
data.addColumn('string', 'Class');
data.addColumn('number', 'Time (ms)');
data.addRows(22);
data.setCell(0, 0, 0)
data.setCell(0, 1, 'productImageCountTest')
data.setCell(0, 2, 'com.qa.opencart.test.ProductInfoTest')
data.setCell(0, 3, 24797);
data.setCell(1, 0, 1)
data.setCell(1, 1, 'selectProductTest')
data.setCell(1, 2, 'com.qa.opencart.test.AccountsPageTest')
data.setCell(1, 3, 21386);
data.setCell(2, 0, 2)
data.setCell(2, 1, 'selectProductTest')
data.setCell(2, 2, 'com.qa.opencart.test.AccountsPageTest')
data.setCell(2, 3, 18510);
data.setCell(3, 0, 3)
data.setCell(3, 1, 'productImageCountTest')
data.setCell(3, 2, 'com.qa.opencart.test.ProductInfoTest')
data.setCell(3, 3, 16833);
data.setCell(4, 0, 4)
data.setCell(4, 1, 'productHeaderTest')
data.setCell(4, 2, 'com.qa.opencart.test.ProductInfoTest')
data.setCell(4, 3, 13790);
data.setCell(5, 0, 5)
data.setCell(5, 1, 'productMetatadataTest')
data.setCell(5, 2, 'com.qa.opencart.test.ProductInfoTest')
data.setCell(5, 3, 11964);
data.setCell(6, 0, 6)
data.setCell(6, 1, 'productImageCountTest')
data.setCell(6, 2, 'com.qa.opencart.test.ProductInfoTest')
data.setCell(6, 3, 9194);
data.setCell(7, 0, 7)
data.setCell(7, 1, 'selectProductTest')
data.setCell(7, 2, 'com.qa.opencart.test.AccountsPageTest')
data.setCell(7, 3, 9006);
data.setCell(8, 0, 8)
data.setCell(8, 1, 'productMetatadataTest')
data.setCell(8, 2, 'com.qa.opencart.test.ProductInfoTest')
data.setCell(8, 3, 7345);
data.setCell(9, 0, 9)
data.setCell(9, 1, 'productMetatadataTest')
data.setCell(9, 2, 'com.qa.opencart.test.ProductInfoTest')
data.setCell(9, 3, 6528);
data.setCell(10, 0, 10)
data.setCell(10, 1, 'productMetatadataTest')
data.setCell(10, 2, 'com.qa.opencart.test.ProductInfoTest')
data.setCell(10, 3, 6071);
data.setCell(11, 0, 11)
data.setCell(11, 1, 'searchTest')
data.setCell(11, 2, 'com.qa.opencart.test.AccountsPageTest')
data.setCell(11, 3, 5183);
data.setCell(12, 0, 12)
data.setCell(12, 1, 'loginPageTest')
data.setCell(12, 2, 'com.qa.opencart.test.LoginPageTest')
data.setCell(12, 3, 5040);
data.setCell(13, 0, 13)
data.setCell(13, 1, 'searchTest')
data.setCell(13, 2, 'com.qa.opencart.test.AccountsPageTest')
data.setCell(13, 3, 4032);
data.setCell(14, 0, 14)
data.setCell(14, 1, 'searchTest')
data.setCell(14, 2, 'com.qa.opencart.test.AccountsPageTest')
data.setCell(14, 3, 3121);
data.setCell(15, 0, 15)
data.setCell(15, 1, 'forgotPwdLinkTest')
data.setCell(15, 2, 'com.qa.opencart.test.LoginPageTest')
data.setCell(15, 3, 965);
data.setCell(16, 0, 16)
data.setCell(16, 1, 'accPageLogoutLinkTest')
data.setCell(16, 2, 'com.qa.opencart.test.AccountsPageTest')
data.setCell(16, 3, 528);
data.setCell(17, 0, 17)
data.setCell(17, 1, 'accPageSecHeaderTest')
data.setCell(17, 2, 'com.qa.opencart.test.AccountsPageTest')
data.setCell(17, 3, 330);
data.setCell(18, 0, 18)
data.setCell(18, 1, 'accPageSearchTest')
data.setCell(18, 2, 'com.qa.opencart.test.AccountsPageTest')
data.setCell(18, 3, 199);
data.setCell(19, 0, 19)
data.setCell(19, 1, 'loginPageTitleTest')
data.setCell(19, 2, 'com.qa.opencart.test.LoginPageTest')
data.setCell(19, 3, 51);
data.setCell(20, 0, 20)
data.setCell(20, 1, 'accPageTitleTest')
data.setCell(20, 2, 'com.qa.opencart.test.AccountsPageTest')
data.setCell(20, 3, 32);
data.setCell(21, 0, 21)
data.setCell(21, 1, 'loginPageUrlTest')
data.setCell(21, 2, 'com.qa.opencart.test.LoginPageTest')
data.setCell(21, 3, 21);
window.suiteTableData['Demo_Cart_App_Test_automation_regression_suite']= { tableData: data, tableDiv: 'times-div-Demo_Cart_App_Test_automation_regression_suite'}
return data;
}
              </script>
              <span class="suite-total-time">Total running time: 2 minutes</span>
              <div id="times-div-Demo_Cart_App_Test_automation_regression_suite">
              </div> <!-- times-div-Demo_Cart_App_Test_automation_regression_suite -->
            </div> <!-- times-div -->
          </div> <!-- main-panel-content rounded-window-bottom -->
        </div> <!-- panel -->
        <div panel-name="reporter-Demo_Cart_App_Test_automation_regression_suite" class="panel">
          <div class="main-panel-header rounded-window-top">
            <span class="header-content">Reporter output for Demo Cart App Test automation regression suite</span>
          </div> <!-- main-panel-header rounded-window-top -->
          <div class="main-panel-content rounded-window-bottom">
          </div> <!-- main-panel-content rounded-window-bottom -->
        </div> <!-- panel -->
        <div panel-name="ignored-methods-Demo_Cart_App_Test_automation_regression_suite" class="panel">
          <div class="main-panel-header rounded-window-top">
            <span class="header-content">0 ignored methods</span>
          </div> <!-- main-panel-header rounded-window-top -->
          <div class="main-panel-content rounded-window-bottom">
          </div> <!-- main-panel-content rounded-window-bottom -->
        </div> <!-- panel -->
        <div panel-name="chronological-Demo_Cart_App_Test_automation_regression_suite" class="panel">
          <div class="main-panel-header rounded-window-top">
            <span class="header-content">Methods in chronological order</span>
          </div> <!-- main-panel-header rounded-window-top -->
          <div class="main-panel-content rounded-window-bottom">
            <div class="chronological-class">
              <div class="chronological-class-name">com.qa.opencart.test.LoginPageTest</div> <!-- chronological-class-name -->
              <div class="configuration-test before">
                <span class="method-name">setUP</span>
                <span class="method-start">0 ms</span>
              </div> <!-- configuration-test before -->
            </div> <!-- chronological-class -->
            <div class="chronological-class">
              <div class="chronological-class-name">com.qa.opencart.test.AccountsPageTest</div> <!-- chronological-class-name -->
              <div class="configuration-test before">
                <span class="method-name">setUP</span>
                <span class="method-start">2 ms</span>
              </div> <!-- configuration-test before -->
            </div> <!-- chronological-class -->
            <div class="chronological-class">
              <div class="chronological-class-name">com.qa.opencart.test.ProductInfoTest</div> <!-- chronological-class-name -->
              <div class="configuration-test before">
                <span class="method-name">setUP</span>
                <span class="method-start">10 ms</span>
              </div> <!-- configuration-test before -->
              <div class="configuration-class before">
                <span class="method-name">productInfoPageSetup</span>
                <span class="method-start">27867 ms</span>
              </div> <!-- configuration-class before -->
            </div> <!-- chronological-class -->
            <div class="chronological-class">
              <div class="chronological-class-name">com.qa.opencart.test.AccountsPageTest</div> <!-- chronological-class-name -->
              <div class="configuration-class before">
                <span class="method-name">accPageSetup</span>
                <span class="method-start">28653 ms</span>
              </div> <!-- configuration-class before -->
            </div> <!-- chronological-class -->
            <div class="chronological-class">
              <div class="chronological-class-name">com.qa.opencart.test.LoginPageTest</div> <!-- chronological-class-name -->
              <div class="test-method">
                <span class="method-name">forgotPwdLinkTest</span>
                <span class="method-start">32008 ms</span>
              </div> <!-- test-method -->
              <div class="test-method">
                <span class="method-name">loginPageTest</span>
                <span class="method-start">34592 ms</span>
              </div> <!-- test-method -->
            </div> <!-- chronological-class -->
            <div class="chronological-class">
              <div class="chronological-class-name">com.qa.opencart.test.AccountsPageTest</div> <!-- chronological-class-name -->
              <div class="test-method">
                <span class="method-name">accPageLogoutLinkTest</span>
                <span class="method-start">35289 ms</span>
              </div> <!-- test-method -->
            </div> <!-- chronological-class -->
            <div class="chronological-class">
              <div class="chronological-class-name">com.qa.opencart.test.ProductInfoTest</div> <!-- chronological-class-name -->
              <div class="test-method">
                <span class="method-name">productHeaderTest</span>
                <span class="method-start">35395 ms</span>
              </div> <!-- test-method -->
            </div> <!-- chronological-class -->
            <div class="chronological-class">
              <div class="chronological-class-name">com.qa.opencart.test.AccountsPageTest</div> <!-- chronological-class-name -->
              <div class="test-method">
                <span class="method-name">accPageSearchTest</span>
                <span class="method-start">36338 ms</span>
              </div> <!-- test-method -->
              <div class="test-method">
                <span class="method-name">accPageSecHeaderTest</span>
                <span class="method-start">36895 ms</span>
              </div> <!-- test-method -->
              <div class="test-method">
                <span class="method-name">accPageTitleTest</span>
                <span class="method-start">37481 ms</span>
              </div> <!-- test-method -->
              <div class="test-method">
                <span class="method-name">searchTest(macbook)</span>
                <span class="method-start">38071 ms</span>
              </div> <!-- test-method -->
            </div> <!-- chronological-class -->
            <div class="chronological-class">
              <div class="chronological-class-name">com.qa.opencart.test.LoginPageTest</div> <!-- chronological-class-name -->
              <div class="test-method">
                <span class="method-name">loginPageTitleTest</span>
                <span class="method-start">40322 ms</span>
              </div> <!-- test-method -->
              <div class="test-method">
                <span class="method-name">loginPageUrlTest</span>
                <span class="method-start">40684 ms</span>
              </div> <!-- test-method -->
              <div class="configuration-test after">
                <span class="method-name">tearDown</span>
                <span class="method-start">41699 ms</span>
              </div> <!-- configuration-test after -->
            </div> <!-- chronological-class -->
            <div class="chronological-class">
              <div class="chronological-class-name">com.qa.opencart.test.AccountsPageTest</div> <!-- chronological-class-name -->
              <div class="test-method">
                <span class="method-name">searchTest(iMac)</span>
                <span class="method-start">43565 ms</span>
              </div> <!-- test-method -->
            </div> <!-- chronological-class -->
            <div class="chronological-class">
              <div class="chronological-class-name">com.qa.opencart.test.ProductInfoTest</div> <!-- chronological-class-name -->
              <div class="test-method">
                <span class="method-name">productImageCountTest(macbook, MacBook Pro, 4)</span>
                <span class="method-start">57050 ms</span>
              </div> <!-- test-method -->
            </div> <!-- chronological-class -->
            <div class="chronological-class">
              <div class="chronological-class-name">com.qa.opencart.test.AccountsPageTest</div> <!-- chronological-class-name -->
              <div class="test-method">
                <span class="method-name">searchTest(Apple)</span>
                <span class="method-start">57305 ms</span>
              </div> <!-- test-method -->
              <div class="test-method">
                <span class="method-name">selectProductTest(macbook, MacBook Pro)</span>
                <span class="method-start">60830 ms</span>
              </div> <!-- test-method -->
            </div> <!-- chronological-class -->
            <div class="chronological-class">
              <div class="chronological-class-name">com.qa.opencart.test.ProductInfoTest</div> <!-- chronological-class-name -->
              <div class="test-method">
                <span class="method-name">productImageCountTest(iMac, iMac, 3)</span>
                <span class="method-start">82369 ms</span>
              </div> <!-- test-method -->
            </div> <!-- chronological-class -->
            <div class="chronological-class">
              <div class="chronological-class-name">com.qa.opencart.test.AccountsPageTest</div> <!-- chronological-class-name -->
              <div class="test-method">
                <span class="method-name">selectProductTest(iMac, iMac)</span>
                <span class="method-start">84010 ms</span>
              </div> <!-- test-method -->
            </div> <!-- chronological-class -->
            <div class="chronological-class">
              <div class="chronological-class-name">com.qa.opencart.test.ProductInfoTest</div> <!-- chronological-class-name -->
              <div class="test-method">
                <span class="method-name">productImageCountTest(Apple, Apple Cinema 30", 6)</span>
                <span class="method-start">99689 ms</span>
              </div> <!-- test-method -->
            </div> <!-- chronological-class -->
            <div class="chronological-class">
              <div class="chronological-class-name">com.qa.opencart.test.AccountsPageTest</div> <!-- chronological-class-name -->
              <div class="test-method">
                <span class="method-name">selectProductTest(Apple, Apple Cinema 30")</span>
                <span class="method-start">103106 ms</span>
              </div> <!-- test-method -->
            </div> <!-- chronological-class -->
            <div class="chronological-class">
              <div class="chronological-class-name">com.qa.opencart.test.ProductInfoTest</div> <!-- chronological-class-name -->
              <div class="test-method">
                <span class="method-name">productMetatadataTest</span>
                <span class="method-start">109334 ms</span>
              </div> <!-- test-method -->
            </div> <!-- chronological-class -->
            <div class="chronological-class">
              <div class="chronological-class-name">com.qa.opencart.test.AccountsPageTest</div> <!-- chronological-class-name -->
              <div class="configuration-test after">
                <span class="method-name">tearDown</span>
                <span class="method-start">118205 ms</span>
              </div> <!-- configuration-test after -->
            </div> <!-- chronological-class -->
            <div class="chronological-class">
              <div class="chronological-class-name">com.qa.opencart.test.ProductInfoTest</div> <!-- chronological-class-name -->
              <div class="test-method">
                <span class="method-name">productMetatadataTest</span>
                <span class="method-start">121679 ms</span>
              </div> <!-- test-method -->
              <div class="test-method">
                <span class="method-name">productMetatadataTest</span>
                <span class="method-start">129514 ms</span>
              </div> <!-- test-method -->
              <div class="test-method">
                <img src="failed.png">
                </img>
                <span class="method-name">productMetatadataTest</span>
                <span class="method-start">136420 ms</span>
              </div> <!-- test-method -->
              <div class="configuration-test after">
                <span class="method-name">tearDown</span>
                <span class="method-start">142894 ms</span>
              </div> <!-- configuration-test after -->
          </div> <!-- main-panel-content rounded-window-bottom -->
        </div> <!-- panel -->
      </div> <!-- main-panel-root -->
    </div> <!-- wrapper -->
  </body>
</html>
